<?xml version="1.0" encoding="UTF-8"?>
<beans xmlns="http://www.springframework.org/schema/beans"
       xmlns:xsi="http://www.w3.org/2001/XMLSchema-instance"
       xmlns:context="http://www.springframework.org/schema/context"
       xsi:schemaLocation="http://www.springframework.org/schema/beans
            http://www.springframework.org/schema/beans/spring-beans.xsd
            http://www.springframework.org/schema/context
            http://www.springframework.org/schema/context/spring-context.xsd"
       default-autowire="byName">

    <context:annotation-config/>
    <context:component-scan base-package="com.b2s.common.services.transformers"/>

    <bean id="productServiceFactoryWrapperMock" name="productServiceFactoryWrapperMock" class="org.easymock.EasyMock" factory-method="createNiceMock">
        <constructor-arg value="com.b2s.common.services.productservice.ProductServiceFactoryWrapper"/>
    </bean>


</beans>